This file contains any messages produced by compilers while
running configure, to aid debugging if configure makes a mistake.

It was created by configure, which was
generated by GNU Autoconf 2.69.  Invocation command line was

  $ ./configure 

## --------- ##
## Platform. ##
## --------- ##

hostname = LostSideDead
uname -m = x86_64
uname -r = 15.6.0
uname -s = Darwin
uname -v = Darwin Kernel Version 15.6.0: Thu Jun 23 18:25:34 PDT 2016; root:xnu-3248.60.10~1/RELEASE_X86_64

/usr/bin/uname -p = i386
/bin/uname -X     = unknown

/bin/arch              = unknown
/usr/bin/arch -k       = unknown
/usr/convex/getsysinfo = unknown
/usr/bin/hostinfo      = Mach kernel version:
	 Darwin Kernel Version 15.6.0: Thu Jun 23 18:25:34 PDT 2016; root:xnu-3248.60.10~1/RELEASE_X86_64
Kernel configured for up to 8 processors.
4 processors are physically available.
8 processors are logically available.
Processor type: i486 (Intel 80486)
Processors active: 0 1 2 3 4 5 6 7
Primary memory available: 10.00 gigabytes
Default processor set: 246 tasks, 1066 threads, 8 processors
Load average: 3.20, Mach factor: 4.79
/bin/machine           = unknown
/usr/bin/oslevel       = unknown
/bin/universe          = unknown

PATH: /Volumes/LostSideDrive-2/Android/android-ndk-r10e
PATH: /Volumes/LostSideDrive-2/Android/android-ndk-r10e/prebuilt/darwin-x86_64/bin
PATH: /Volumes/LostSideDrive-2/Android/android-sdk-macosx/platform-tools
PATH: /Volumes/LostSideDrive-2/Android/android-sdk-macosx/tools
PATH: /opt/local/bin
PATH: /opt/local/sbin
PATH: /opt/local/bin
PATH: /opt/local/sbin
PATH: /opt/local/bin
PATH: /opt/local/sbin
PATH: /Users/jared/mingw-w64/bin
PATH: /Volumes/LostDrive-6//Users/jared/New.Mingw32/bin
PATH: /usr/local/bin
PATH: /usr/bin
PATH: /bin
PATH: /usr/sbin
PATH: /sbin
PATH: /opt/X11/bin
PATH: /Users/jared/Downloads/adt-bundle-mac-x86_64-20140321/sdk/platform-tools


## ----------- ##
## Core tests. ##
## ----------- ##

configure:2160: checking for a BSD-compatible install
configure:2228: result: /usr/bin/install -c
configure:2239: checking whether build environment is sane
configure:2294: result: yes
configure:2445: checking for a thread-safe mkdir -p
configure:2484: result: ./install-sh -c -d
configure:2491: checking for gawk
configure:2521: result: no
configure:2491: checking for mawk
configure:2521: result: no
configure:2491: checking for nawk
configure:2521: result: no
configure:2491: checking for awk
configure:2507: found /Volumes/LostSideDrive-2/Android/android-ndk-r10e/prebuilt/darwin-x86_64/bin/awk
configure:2518: result: awk
configure:2529: checking whether make sets $(MAKE)
configure:2551: result: yes
configure:2580: checking whether make supports nested variables
configure:2597: result: yes
configure:2778: checking for gcc
configure:2794: found /usr/bin/gcc
configure:2805: result: gcc
configure:3034: checking for C compiler version
configure:3043: gcc --version >&5
Apple LLVM version 7.3.0 (clang-703.0.31)
Target: x86_64-apple-darwin15.6.0
Thread model: posix
InstalledDir: /Applications/Xcode.app/Contents/Developer/Toolchains/XcodeDefault.xctoolchain/usr/bin
Configured with: --prefix=/Applications/Xcode.app/Contents/Developer/usr --with-gxx-include-dir=/Applications/Xcode.app/Contents/Developer/Platforms/MacOSX.platform/Developer/SDKs/MacOSX10.11.sdk/usr/include/c++/4.2.1
configure:3054: $? = 0
configure:3043: gcc -v >&5
Configured with: --prefix=/Applications/Xcode.app/Contents/Developer/usr --with-gxx-include-dir=/Applications/Xcode.app/Contents/Developer/Platforms/MacOSX.platform/Developer/SDKs/MacOSX10.11.sdk/usr/include/c++/4.2.1
Apple LLVM version 7.3.0 (clang-703.0.31)
Target: x86_64-apple-darwin15.6.0
Thread model: posix
InstalledDir: /Applications/Xcode.app/Contents/Developer/Toolchains/XcodeDefault.xctoolchain/usr/bin
configure:3054: $? = 0
configure:3043: gcc -V >&5
clang: error: argument to '-V' is missing (expected 1 value)
clang: error: no input files
configure:3054: $? = 1
configure:3043: gcc -qversion >&5
clang: error: unknown argument: '-qversion'
clang: error: no input files
configure:3054: $? = 1
configure:3074: checking whether the C compiler works
configure:3096: gcc    conftest.c  >&5
configure:3100: $? = 0
configure:3148: result: yes
configure:3151: checking for C compiler default output file name
configure:3153: result: a.out
configure:3159: checking for suffix of executables
configure:3166: gcc -o conftest    conftest.c  >&5
configure:3170: $? = 0
configure:3192: result: 
configure:3214: checking whether we are cross compiling
configure:3222: gcc -o conftest    conftest.c  >&5
configure:3226: $? = 0
configure:3233: ./conftest
configure:3237: $? = 0
configure:3252: result: no
configure:3257: checking for suffix of object files
configure:3279: gcc -c   conftest.c >&5
configure:3283: $? = 0
configure:3304: result: o
configure:3308: checking whether we are using the GNU C compiler
configure:3327: gcc -c   conftest.c >&5
configure:3327: $? = 0
configure:3336: result: yes
configure:3345: checking whether gcc accepts -g
configure:3365: gcc -c -g  conftest.c >&5
configure:3365: $? = 0
configure:3406: result: yes
configure:3423: checking for gcc option to accept ISO C89
configure:3486: gcc  -c -g -O2  conftest.c >&5
configure:3486: $? = 0
configure:3499: result: none needed
configure:3524: checking whether gcc understands -c and -o together
configure:3546: gcc -c conftest.c -o conftest2.o
configure:3549: $? = 0
configure:3546: gcc -c conftest.c -o conftest2.o
configure:3549: $? = 0
configure:3561: result: yes
configure:3589: checking for style of include used by make
configure:3617: result: GNU
configure:3643: checking dependency style of gcc
configure:3754: result: gcc3
configure:3798: checking build system type
configure:3812: result: x86_64-apple-darwin15.6.0
configure:3832: checking host system type
configure:3845: result: x86_64-apple-darwin15.6.0
configure:3886: checking how to print strings
configure:3913: result: printf
configure:3934: checking for a sed that does not truncate output
configure:3998: result: /Volumes/LostSideDrive-2/Android/android-ndk-r10e/prebuilt/darwin-x86_64/bin/sed
configure:4016: checking for grep that handles long lines and -e
configure:4074: result: /usr/bin/grep
configure:4079: checking for egrep
configure:4141: result: /usr/bin/grep -E
configure:4146: checking for fgrep
configure:4208: result: /usr/bin/grep -F
configure:4243: checking for ld used by gcc
configure:4310: result: /Applications/Xcode.app/Contents/Developer/Toolchains/XcodeDefault.xctoolchain/usr/bin/ld
configure:4317: checking if the linker (/Applications/Xcode.app/Contents/Developer/Toolchains/XcodeDefault.xctoolchain/usr/bin/ld) is GNU ld
configure:4332: result: no
configure:4344: checking for BSD- or MS-compatible name lister (nm)
configure:4393: result: /usr/bin/nm -B
configure:4523: checking the name lister (/usr/bin/nm -B) interface
configure:4530: gcc -c -g -O2  conftest.c >&5
configure:4533: /usr/bin/nm -B "conftest.o"
configure:4536: output
0000000000000200 S _some_variable
configure:4543: result: BSD nm
configure:4546: checking whether ln -s works
configure:4550: result: yes
configure:4558: checking the maximum length of command line arguments
configure:4688: result: 196608
configure:4705: checking whether the shell understands some XSI constructs
configure:4715: result: yes
configure:4719: checking whether the shell understands "+="
configure:4725: result: yes
configure:4760: checking how to convert x86_64-apple-darwin15.6.0 file names to x86_64-apple-darwin15.6.0 format
configure:4800: result: func_convert_file_noop
configure:4807: checking how to convert x86_64-apple-darwin15.6.0 file names to toolchain format
configure:4827: result: func_convert_file_noop
configure:4834: checking for /Applications/Xcode.app/Contents/Developer/Toolchains/XcodeDefault.xctoolchain/usr/bin/ld option to reload object files
configure:4841: result: -r
configure:4915: checking for objdump
configure:4945: result: no
configure:4974: checking how to recognize dependent libraries
configure:5176: result: pass_all
configure:5261: checking for dlltool
configure:5291: result: no
configure:5321: checking how to associate runtime and link libraries
configure:5348: result: printf %s\n
configure:5409: checking for ar
configure:5425: found /opt/local/bin/ar
configure:5436: result: ar
configure:5473: checking for archiver @FILE support
configure:5490: gcc -c -g -O2  conftest.c >&5
configure:5490: $? = 0
configure:5493: ar cru libconftest.a @conftest.lst >&5
ar: @conftest.lst: No such file or directory
configure:5496: $? = 1
configure:5516: result: no
configure:5574: checking for strip
configure:5590: found /opt/local/bin/strip
configure:5601: result: strip
configure:5673: checking for ranlib
configure:5689: found /opt/local/bin/ranlib
configure:5700: result: ranlib
configure:5802: checking command to parse /usr/bin/nm -B output from gcc object
configure:5922: gcc -c -g -O2  conftest.c >&5
configure:5925: $? = 0
configure:5929: /usr/bin/nm -B conftest.o \| sed -n -e 's/^.*[ ]\([BCDEGRST][BCDEGRST]*\)[ ][ ]*\([_A-Za-z][_A-Za-z0-9]*\)$/\1 \2 \2/p' | sed '/ __gnu_lto/d' \> conftest.nm
configure:5932: $? = 0
cannot find nm_test_var in conftest.nm
configure:5922: gcc -c -g -O2  conftest.c >&5
configure:5925: $? = 0
configure:5929: /usr/bin/nm -B conftest.o \| sed -n -e 's/^.*[ ]\([BCDEGRST][BCDEGRST]*\)[ ][ ]*_\([_A-Za-z][_A-Za-z0-9]*\)$/\1 _\2 \2/p' | sed '/ __gnu_lto/d' \> conftest.nm
configure:5932: $? = 0
configure:5998: gcc -o conftest -g -O2   conftest.c conftstm.o >&5
warning: (x86_64)  could not find object file symbol for symbol _main
configure:6001: $? = 0
configure:6039: result: ok
configure:6076: checking for sysroot
configure:6106: result: no
configure:6362: checking for mt
configure:6392: result: no
configure:6412: checking if : is a manifest tool
configure:6418: : '-?'
configure:6426: result: no
configure:6482: checking for dsymutil
configure:6498: found /usr/bin/dsymutil
configure:6509: result: dsymutil
configure:6574: checking for nmedit
configure:6590: found /opt/local/bin/nmedit
configure:6601: result: nmedit
configure:6666: checking for lipo
configure:6682: found /opt/local/bin/lipo
configure:6693: result: lipo
configure:6758: checking for otool
configure:6774: found /opt/local/bin/otool
configure:6785: result: otool
configure:6850: checking for otool64
configure:6880: result: no
configure:6925: checking for -single_module linker flag
gcc -g -O2  -o libconftest.dylib -dynamiclib -Wl,-single_module conftest.c
configure:6958: result: yes
configure:6961: checking for -exported_symbols_list linker flag
configure:6981: gcc -o conftest -g -O2   -Wl,-exported_symbols_list,conftest.sym conftest.c  >&5
configure:6981: $? = 0
configure:6991: result: yes
configure:6994: checking for -force_load linker flag
gcc -g -O2 -c -o conftest.o conftest.c
ar cru libconftest.a conftest.o
ranlib libconftest.a
gcc -g -O2  -o conftest conftest.c -Wl,-force_load,./libconftest.a
configure:7026: result: yes
configure:7068: checking how to run the C preprocessor
configure:7099: gcc -E  conftest.c
configure:7099: $? = 0
configure:7113: gcc -E  conftest.c
conftest.c:11:10: fatal error: 'ac_nonexistent.h' file not found
#include <ac_nonexistent.h>
         ^
1 error generated.
configure:7113: $? = 1
configure: failed program was:
| /* confdefs.h */
| #define PACKAGE_NAME ""
| #define PACKAGE_TARNAME ""
| #define PACKAGE_VERSION ""
| #define PACKAGE_STRING ""
| #define PACKAGE_BUGREPORT ""
| #define PACKAGE_URL ""
| #define PACKAGE "alphaflame2cross"
| #define VERSION "0.2"
| /* end confdefs.h.  */
| #include <ac_nonexistent.h>
configure:7138: result: gcc -E
configure:7158: gcc -E  conftest.c
configure:7158: $? = 0
configure:7172: gcc -E  conftest.c
conftest.c:11:10: fatal error: 'ac_nonexistent.h' file not found
#include <ac_nonexistent.h>
         ^
1 error generated.
configure:7172: $? = 1
configure: failed program was:
| /* confdefs.h */
| #define PACKAGE_NAME ""
| #define PACKAGE_TARNAME ""
| #define PACKAGE_VERSION ""
| #define PACKAGE_STRING ""
| #define PACKAGE_BUGREPORT ""
| #define PACKAGE_URL ""
| #define PACKAGE "alphaflame2cross"
| #define VERSION "0.2"
| /* end confdefs.h.  */
| #include <ac_nonexistent.h>
configure:7201: checking for ANSI C header files
configure:7221: gcc -c -g -O2  conftest.c >&5
configure:7221: $? = 0
configure:7294: gcc -o conftest -g -O2   conftest.c  >&5
configure:7294: $? = 0
configure:7294: ./conftest
configure:7294: $? = 0
configure:7305: result: yes
configure:7318: checking for sys/types.h
configure:7318: gcc -c -g -O2  conftest.c >&5
configure:7318: $? = 0
configure:7318: result: yes
configure:7318: checking for sys/stat.h
configure:7318: gcc -c -g -O2  conftest.c >&5
configure:7318: $? = 0
configure:7318: result: yes
configure:7318: checking for stdlib.h
configure:7318: gcc -c -g -O2  conftest.c >&5
configure:7318: $? = 0
configure:7318: result: yes
configure:7318: checking for string.h
configure:7318: gcc -c -g -O2  conftest.c >&5
configure:7318: $? = 0
configure:7318: result: yes
configure:7318: checking for memory.h
configure:7318: gcc -c -g -O2  conftest.c >&5
configure:7318: $? = 0
configure:7318: result: yes
configure:7318: checking for strings.h
configure:7318: gcc -c -g -O2  conftest.c >&5
configure:7318: $? = 0
configure:7318: result: yes
configure:7318: checking for inttypes.h
configure:7318: gcc -c -g -O2  conftest.c >&5
configure:7318: $? = 0
configure:7318: result: yes
configure:7318: checking for stdint.h
configure:7318: gcc -c -g -O2  conftest.c >&5
configure:7318: $? = 0
configure:7318: result: yes
configure:7318: checking for unistd.h
configure:7318: gcc -c -g -O2  conftest.c >&5
configure:7318: $? = 0
configure:7318: result: yes
configure:7332: checking for dlfcn.h
configure:7332: gcc -c -g -O2  conftest.c >&5
configure:7332: $? = 0
configure:7332: result: yes
configure:7538: checking for objdir
configure:7553: result: .libs
configure:7820: checking if gcc supports -fno-rtti -fno-exceptions
configure:7838: gcc -c -g -O2  -fno-rtti -fno-exceptions conftest.c >&5
configure:7842: $? = 0
configure:7855: result: yes
configure:8182: checking for gcc option to produce PIC
configure:8189: result: -fno-common -DPIC
configure:8197: checking if gcc PIC flag -fno-common -DPIC works
configure:8215: gcc -c -g -O2  -fno-common -DPIC -DPIC conftest.c >&5
configure:8219: $? = 0
configure:8232: result: yes
configure:8261: checking if gcc static flag -static works
configure:8289: result: no
configure:8304: checking if gcc supports -c -o file.o
configure:8325: gcc -c -g -O2  -o out/conftest2.o conftest.c >&5
configure:8329: $? = 0
configure:8351: result: yes
configure:8359: checking if gcc supports -c -o file.o
configure:8406: result: yes
configure:8439: checking whether the gcc linker (/Applications/Xcode.app/Contents/Developer/Toolchains/XcodeDefault.xctoolchain/usr/bin/ld) supports shared libraries
configure:9592: result: yes
configure:9832: checking dynamic linker characteristics
configure:10565: result: darwin15.6.0 dyld
configure:10672: checking how to hardcode library paths into programs
configure:10697: result: immediate
configure:11237: checking whether stripping libraries is possible
configure:11251: result: yes
configure:11277: checking if libtool supports shared libraries
configure:11279: result: yes
configure:11282: checking whether to build shared libraries
configure:11303: result: yes
configure:11306: checking whether to build static libraries
configure:11310: result: yes
configure:11351: checking for sdl-config
configure:11405: result: /opt/local/bin/sdl-config
configure:11548: checking that generated files are newer than configure
configure:11554: result: done
configure:11577: creating ./config.status

## ---------------------- ##
## Running config.status. ##
## ---------------------- ##

This file was extended by config.status, which was
generated by GNU Autoconf 2.69.  Invocation command line was

  CONFIG_FILES    = 
  CONFIG_HEADERS  = 
  CONFIG_LINKS    = 
  CONFIG_COMMANDS = 
  $ ./config.status 

on LostSideDead

config.status:1084: creating Makefile
config.status:1084: creating src/Makefile
config.status:1084: creating config.h
config.status:1313: executing depfiles commands
config.status:1313: executing libtool commands

## ---------------- ##
## Cache variables. ##
## ---------------- ##

ac_cv_build=x86_64-apple-darwin15.6.0
ac_cv_c_compiler_gnu=yes
ac_cv_env_CC_set=
ac_cv_env_CC_value=
ac_cv_env_CFLAGS_set=
ac_cv_env_CFLAGS_value=
ac_cv_env_CPPFLAGS_set=
ac_cv_env_CPPFLAGS_value=
ac_cv_env_CPP_set=
ac_cv_env_CPP_value=
ac_cv_env_LDFLAGS_set=
ac_cv_env_LDFLAGS_value=
ac_cv_env_LIBS_set=
ac_cv_env_LIBS_value=
ac_cv_env_build_alias_set=
ac_cv_env_build_alias_value=
ac_cv_env_host_alias_set=
ac_cv_env_host_alias_value=
ac_cv_env_target_alias_set=
ac_cv_env_target_alias_value=
ac_cv_header_dlfcn_h=yes
ac_cv_header_inttypes_h=yes
ac_cv_header_memory_h=yes
ac_cv_header_stdc=yes
ac_cv_header_stdint_h=yes
ac_cv_header_stdlib_h=yes
ac_cv_header_string_h=yes
ac_cv_header_strings_h=yes
ac_cv_header_sys_stat_h=yes
ac_cv_header_sys_types_h=yes
ac_cv_header_unistd_h=yes
ac_cv_host=x86_64-apple-darwin15.6.0
ac_cv_objext=o
ac_cv_path_EGREP='/usr/bin/grep -E'
ac_cv_path_FGREP='/usr/bin/grep -F'
ac_cv_path_GREP=/usr/bin/grep
ac_cv_path_SED=/Volumes/LostSideDrive-2/Android/android-ndk-r10e/prebuilt/darwin-x86_64/bin/sed
ac_cv_path_install='/usr/bin/install -c'
ac_cv_prog_AWK=awk
ac_cv_prog_CPP='gcc -E'
ac_cv_prog_ac_ct_AR=ar
ac_cv_prog_ac_ct_CC=gcc
ac_cv_prog_ac_ct_DSYMUTIL=dsymutil
ac_cv_prog_ac_ct_LIPO=lipo
ac_cv_prog_ac_ct_NMEDIT=nmedit
ac_cv_prog_ac_ct_OTOOL=otool
ac_cv_prog_ac_ct_RANLIB=ranlib
ac_cv_prog_ac_ct_STRIP=strip
ac_cv_prog_cc_c89=
ac_cv_prog_cc_g=yes
ac_cv_prog_make_make_set=yes
am_cv_CC_dependencies_compiler_type=gcc3
am_cv_make_support_nested_variables=yes
am_cv_prog_cc_c_o=yes
kde_cv_path=/opt/local/bin/sdl-config
kde_cv_path_sdl_config=/opt/local/bin/sdl-config
lt_cv_apple_cc_single_mod=yes
lt_cv_ar_at_file=no
lt_cv_deplibs_check_method=pass_all
lt_cv_file_magic_cmd='$MAGIC_CMD'
lt_cv_file_magic_test_file=
lt_cv_ld_exported_symbols_list=yes
lt_cv_ld_force_load=yes
lt_cv_ld_reload_flag=-r
lt_cv_nm_interface='BSD nm'
lt_cv_objdir=.libs
lt_cv_path_LD=/Applications/Xcode.app/Contents/Developer/Toolchains/XcodeDefault.xctoolchain/usr/bin/ld
lt_cv_path_NM='/usr/bin/nm -B'
lt_cv_path_mainfest_tool=no
lt_cv_prog_compiler_c_o=yes
lt_cv_prog_compiler_pic='-fno-common -DPIC'
lt_cv_prog_compiler_pic_works=yes
lt_cv_prog_compiler_rtti_exceptions=yes
lt_cv_prog_compiler_static_works=no
lt_cv_prog_gnu_ld=no
lt_cv_sharedlib_from_linklib_cmd='printf %s\n'
lt_cv_sys_global_symbol_pipe='sed -n -e '\''s/^.*[	 ]\([BCDEGRST][BCDEGRST]*\)[	 ][	 ]*_\([_A-Za-z][_A-Za-z0-9]*\)$/\1 _\2 \2/p'\'' | sed '\''/ __gnu_lto/d'\'''
lt_cv_sys_global_symbol_to_c_name_address='sed -n -e '\''s/^: \([^ ]*\)[ ]*$/  {\"\1\", (void *) 0},/p'\'' -e '\''s/^[BCDEGRST]* \([^ ]*\) \([^ ]*\)$/  {"\2", (void *) \&\2},/p'\'''
lt_cv_sys_global_symbol_to_c_name_address_lib_prefix='sed -n -e '\''s/^: \([^ ]*\)[ ]*$/  {\"\1\", (void *) 0},/p'\'' -e '\''s/^[BCDEGRST]* \([^ ]*\) \(lib[^ ]*\)$/  {"\2", (void *) \&\2},/p'\'' -e '\''s/^[BCDEGRST]* \([^ ]*\) \([^ ]*\)$/  {"lib\2", (void *) \&\2},/p'\'''
lt_cv_sys_global_symbol_to_cdecl='sed -n -e '\''s/^T .* \(.*\)$/extern int \1();/p'\'' -e '\''s/^[BCDEGRST]* .* \(.*\)$/extern char \1;/p'\'''
lt_cv_sys_max_cmd_len=196608
lt_cv_to_host_file_cmd=func_convert_file_noop
lt_cv_to_tool_file_cmd=func_convert_file_noop

## ----------------- ##
## Output variables. ##
## ----------------- ##

ACLOCAL='${SHELL} /Users/jared/Source/alphaflame.1/alphaflame2cross/missing aclocal-1.14'
AMDEPBACKSLASH='\'
AMDEP_FALSE='#'
AMDEP_TRUE=''
AMTAR='$${TAR-tar}'
AM_BACKSLASH='\'
AM_DEFAULT_V='$(AM_DEFAULT_VERBOSITY)'
AM_DEFAULT_VERBOSITY='1'
AM_V='$(V)'
AR='ar'
AUTOCONF='${SHELL} /Users/jared/Source/alphaflame.1/alphaflame2cross/missing autoconf'
AUTOHEADER='${SHELL} /Users/jared/Source/alphaflame.1/alphaflame2cross/missing autoheader'
AUTOMAKE='${SHELL} /Users/jared/Source/alphaflame.1/alphaflame2cross/missing automake-1.14'
AWK='awk'
CC='gcc'
CCDEPMODE='depmode=gcc3'
CFLAGS='-g -O2'
CPP='gcc -E'
CPPFLAGS=''
CYGPATH_W='echo'
DEFS='-DHAVE_CONFIG_H'
DEPDIR='.deps'
DLLTOOL='false'
DSYMUTIL='dsymutil'
DUMPBIN=''
ECHO_C='\c'
ECHO_N=''
ECHO_T=''
EGREP='/usr/bin/grep -E'
EXEEXT=''
FGREP='/usr/bin/grep -F'
GREP='/usr/bin/grep'
INSTALL_DATA='${INSTALL} -m 644'
INSTALL_PROGRAM='${INSTALL}'
INSTALL_SCRIPT='${INSTALL}'
INSTALL_STRIP_PROGRAM='$(install_sh) -c -s'
LD='/Applications/Xcode.app/Contents/Developer/Toolchains/XcodeDefault.xctoolchain/usr/bin/ld'
LDFLAGS=''
LIBOBJS=''
LIBS=''
LIBSDL_CFLAGS='-I/opt/local/include/SDL -D_GNU_SOURCE=1 -D_THREAD_SAFE'
LIBSDL_LIBS='-L/opt/local/lib /opt/local/lib/libSDLmain.a -Wl,-framework,AppKit /opt/local/lib/libSDL.a -L/opt/local/lib -lX11 -lXext -lXrandr -lXrender -Wl,-framework,OpenGL -Wl,-framework,Cocoa -Wl,-framework,ApplicationServices -Wl,-framework,Carbon -Wl,-framework,AudioToolbox -Wl,-framework,AudioUnit -Wl,-framework,IOKit'
LIBSDL_RPATH='-R/opt/local/lib -R/opt/local/lib'
LIBTOOL='$(SHELL) $(top_builddir)/libtool'
LIPO='lipo'
LN_S='ln -s'
LTLIBOBJS=''
MAKEINFO='${SHELL} /Users/jared/Source/alphaflame.1/alphaflame2cross/missing makeinfo'
MANIFEST_TOOL=':'
MKDIR_P='./install-sh -c -d'
NM='/usr/bin/nm -B'
NMEDIT='nmedit'
OBJDUMP='false'
OBJEXT='o'
OTOOL64=':'
OTOOL='otool'
PACKAGE='alphaflame2cross'
PACKAGE_BUGREPORT=''
PACKAGE_NAME=''
PACKAGE_STRING=''
PACKAGE_TARNAME=''
PACKAGE_URL=''
PACKAGE_VERSION=''
PATH_SEPARATOR=':'
RANLIB='ranlib'
SED='/Volumes/LostSideDrive-2/Android/android-ndk-r10e/prebuilt/darwin-x86_64/bin/sed'
SET_MAKE=''
SHELL='/bin/sh'
STRIP='strip'
VERSION='0.2'
ac_ct_AR='ar'
ac_ct_CC='gcc'
ac_ct_DUMPBIN=''
am__EXEEXT_FALSE=''
am__EXEEXT_TRUE='#'
am__fastdepCC_FALSE='#'
am__fastdepCC_TRUE=''
am__include='include'
am__isrc=''
am__leading_dot='.'
am__nodep='_no'
am__quote=''
am__tar='$${TAR-tar} chof - "$$tardir"'
am__untar='$${TAR-tar} xf -'
bindir='${exec_prefix}/bin'
build='x86_64-apple-darwin15.6.0'
build_alias=''
build_cpu='x86_64'
build_os='darwin15.6.0'
build_vendor='apple'
datadir='${datarootdir}'
datarootdir='${prefix}/share'
docdir='${datarootdir}/doc/${PACKAGE}'
dvidir='${docdir}'
exec_prefix='${prefix}'
host='x86_64-apple-darwin15.6.0'
host_alias=''
host_cpu='x86_64'
host_os='darwin15.6.0'
host_vendor='apple'
htmldir='${docdir}'
includedir='${prefix}/include'
infodir='${datarootdir}/info'
install_sh='${SHELL} /Users/jared/Source/alphaflame.1/alphaflame2cross/install-sh'
libdir='${exec_prefix}/lib'
libexecdir='${exec_prefix}/libexec'
localedir='${datarootdir}/locale'
localstatedir='${prefix}/var'
mandir='${datarootdir}/man'
mkdir_p='$(MKDIR_P)'
oldincludedir='/usr/include'
pdfdir='${docdir}'
prefix='/usr/local'
program_transform_name='s,x,x,'
psdir='${docdir}'
sbindir='${exec_prefix}/sbin'
sharedstatedir='${prefix}/com'
sysconfdir='${prefix}/etc'
target_alias=''

## ----------- ##
## confdefs.h. ##
## ----------- ##

/* confdefs.h */
#define PACKAGE_NAME ""
#define PACKAGE_TARNAME ""
#define PACKAGE_VERSION ""
#define PACKAGE_STRING ""
#define PACKAGE_BUGREPORT ""
#define PACKAGE_URL ""
#define PACKAGE "alphaflame2cross"
#define VERSION "0.2"
#define STDC_HEADERS 1
#define HAVE_SYS_TYPES_H 1
#define HAVE_SYS_STAT_H 1
#define HAVE_STDLIB_H 1
#define HAVE_STRING_H 1
#define HAVE_MEMORY_H 1
#define HAVE_STRINGS_H 1
#define HAVE_INTTYPES_H 1
#define HAVE_STDINT_H 1
#define HAVE_UNISTD_H 1
#define HAVE_DLFCN_H 1
#define LT_OBJDIR ".libs/"
#define HAVE_LIBSDL 1

configure: exit 0
